INFO [2024-06-28 03:22:01] $x
INFO [2024-06-28 03:22:01] genotype_asvs
INFO [2024-06-28 03:22:01] 
INFO [2024-06-28 03:22:01] $category.names
INFO [2024-06-28 03:22:01] names(genotype_asvs)
INFO [2024-06-28 03:22:01] 
INFO [2024-06-28 03:22:01] $filename
INFO [2024-06-28 03:22:01] [1] "ASV_venn_diagram.png"
INFO [2024-06-28 03:22:01] 
INFO [2024-06-28 03:22:01] $output
INFO [2024-06-28 03:22:01] [1] TRUE
INFO [2024-06-28 03:22:01] 
INFO [2024-06-28 03:22:01] $imagetype
INFO [2024-06-28 03:22:01] [1] "png"
INFO [2024-06-28 03:22:01] 
INFO [2024-06-28 03:22:01] $height
INFO [2024-06-28 03:22:01] [1] 3000
INFO [2024-06-28 03:22:01] 
INFO [2024-06-28 03:22:01] $width
INFO [2024-06-28 03:22:01] [1] 3000
INFO [2024-06-28 03:22:01] 
INFO [2024-06-28 03:22:01] $resolution
INFO [2024-06-28 03:22:01] [1] 300
INFO [2024-06-28 03:22:01] 
INFO [2024-06-28 03:22:01] $compression
INFO [2024-06-28 03:22:01] [1] "lzw"
INFO [2024-06-28 03:22:01] 
INFO [2024-06-28 03:22:01] $lwd
INFO [2024-06-28 03:22:01] [1] 2
INFO [2024-06-28 03:22:01] 
INFO [2024-06-28 03:22:01] $lty
INFO [2024-06-28 03:22:01] [1] "blank"
INFO [2024-06-28 03:22:01] 
INFO [2024-06-28 03:22:01] $fill
INFO [2024-06-28 03:22:01] rainbow(length(genotype_asvs))
INFO [2024-06-28 03:22:01] 
INFO [2024-06-28 03:22:01] $cex
INFO [2024-06-28 03:22:01] [1] 0.6
INFO [2024-06-28 03:22:01] 
INFO [2024-06-28 03:22:01] $fontface
INFO [2024-06-28 03:22:01] [1] "bold"
INFO [2024-06-28 03:22:01] 
INFO [2024-06-28 03:22:01] $fontfamily
INFO [2024-06-28 03:22:01] [1] "sans"
INFO [2024-06-28 03:22:01] 
INFO [2024-06-28 03:22:01] $cat.cex
INFO [2024-06-28 03:22:01] [1] 0.6
INFO [2024-06-28 03:22:01] 
INFO [2024-06-28 03:22:01] $cat.fontface
INFO [2024-06-28 03:22:01] [1] "bold"
INFO [2024-06-28 03:22:01] 
INFO [2024-06-28 03:22:01] $cat.default.pos
INFO [2024-06-28 03:22:01] [1] "outer"
INFO [2024-06-28 03:22:01] 
