INFO [2024-06-28 01:35:26] $x
INFO [2024-06-28 01:35:26] genotype_asvs
INFO [2024-06-28 01:35:26] 
INFO [2024-06-28 01:35:26] $category.names
INFO [2024-06-28 01:35:26] names(genotype_asvs)
INFO [2024-06-28 01:35:26] 
INFO [2024-06-28 01:35:26] $filename
INFO [2024-06-28 01:35:26] [1] "ASV_venn_diagram.png"
INFO [2024-06-28 01:35:26] 
INFO [2024-06-28 01:35:26] $output
INFO [2024-06-28 01:35:26] [1] TRUE
INFO [2024-06-28 01:35:26] 
INFO [2024-06-28 01:35:26] $imagetype
INFO [2024-06-28 01:35:26] [1] "png"
INFO [2024-06-28 01:35:26] 
INFO [2024-06-28 01:35:26] $height
INFO [2024-06-28 01:35:26] [1] 3000
INFO [2024-06-28 01:35:26] 
INFO [2024-06-28 01:35:26] $width
INFO [2024-06-28 01:35:26] [1] 3000
INFO [2024-06-28 01:35:26] 
INFO [2024-06-28 01:35:26] $resolution
INFO [2024-06-28 01:35:26] [1] 300
INFO [2024-06-28 01:35:26] 
INFO [2024-06-28 01:35:26] $compression
INFO [2024-06-28 01:35:26] [1] "lzw"
INFO [2024-06-28 01:35:26] 
INFO [2024-06-28 01:35:26] $lwd
INFO [2024-06-28 01:35:26] [1] 2
INFO [2024-06-28 01:35:26] 
INFO [2024-06-28 01:35:26] $lty
INFO [2024-06-28 01:35:26] [1] "blank"
INFO [2024-06-28 01:35:26] 
INFO [2024-06-28 01:35:26] $fill
INFO [2024-06-28 01:35:26] rainbow(length(genotype_asvs))
INFO [2024-06-28 01:35:26] 
INFO [2024-06-28 01:35:26] $cex
INFO [2024-06-28 01:35:26] [1] 0.6
INFO [2024-06-28 01:35:26] 
INFO [2024-06-28 01:35:26] $fontface
INFO [2024-06-28 01:35:26] [1] "bold"
INFO [2024-06-28 01:35:26] 
INFO [2024-06-28 01:35:26] $fontfamily
INFO [2024-06-28 01:35:26] [1] "sans"
INFO [2024-06-28 01:35:26] 
INFO [2024-06-28 01:35:26] $cat.cex
INFO [2024-06-28 01:35:26] [1] 0.6
INFO [2024-06-28 01:35:26] 
INFO [2024-06-28 01:35:26] $cat.fontface
INFO [2024-06-28 01:35:26] [1] "bold"
INFO [2024-06-28 01:35:26] 
INFO [2024-06-28 01:35:26] $cat.default.pos
INFO [2024-06-28 01:35:26] [1] "outer"
INFO [2024-06-28 01:35:26] 
