INFO [2024-08-11 22:42:42] $x
INFO [2024-08-11 22:42:42] genotype_asvs
INFO [2024-08-11 22:42:42] 
INFO [2024-08-11 22:42:42] $category.names
INFO [2024-08-11 22:42:42] names(genotype_asvs)
INFO [2024-08-11 22:42:42] 
INFO [2024-08-11 22:42:42] $filename
INFO [2024-08-11 22:42:42] [1] "ASV_venn_diagram.png"
INFO [2024-08-11 22:42:42] 
INFO [2024-08-11 22:42:42] $output
INFO [2024-08-11 22:42:42] [1] TRUE
INFO [2024-08-11 22:42:42] 
INFO [2024-08-11 22:42:42] $imagetype
INFO [2024-08-11 22:42:42] [1] "png"
INFO [2024-08-11 22:42:42] 
INFO [2024-08-11 22:42:42] $height
INFO [2024-08-11 22:42:42] [1] 3000
INFO [2024-08-11 22:42:42] 
INFO [2024-08-11 22:42:42] $width
INFO [2024-08-11 22:42:42] [1] 3000
INFO [2024-08-11 22:42:42] 
INFO [2024-08-11 22:42:42] $resolution
INFO [2024-08-11 22:42:42] [1] 300
INFO [2024-08-11 22:42:42] 
INFO [2024-08-11 22:42:42] $compression
INFO [2024-08-11 22:42:42] [1] "lzw"
INFO [2024-08-11 22:42:42] 
INFO [2024-08-11 22:42:42] $lwd
INFO [2024-08-11 22:42:42] [1] 2
INFO [2024-08-11 22:42:42] 
INFO [2024-08-11 22:42:42] $lty
INFO [2024-08-11 22:42:42] [1] "blank"
INFO [2024-08-11 22:42:42] 
INFO [2024-08-11 22:42:42] $fill
INFO [2024-08-11 22:42:42] rainbow(length(genotype_asvs))
INFO [2024-08-11 22:42:42] 
INFO [2024-08-11 22:42:42] $cex
INFO [2024-08-11 22:42:42] [1] 0.6
INFO [2024-08-11 22:42:42] 
INFO [2024-08-11 22:42:42] $fontface
INFO [2024-08-11 22:42:42] [1] "bold"
INFO [2024-08-11 22:42:42] 
INFO [2024-08-11 22:42:42] $fontfamily
INFO [2024-08-11 22:42:42] [1] "sans"
INFO [2024-08-11 22:42:42] 
INFO [2024-08-11 22:42:42] $cat.cex
INFO [2024-08-11 22:42:42] [1] 0.6
INFO [2024-08-11 22:42:42] 
INFO [2024-08-11 22:42:42] $cat.fontface
INFO [2024-08-11 22:42:42] [1] "bold"
INFO [2024-08-11 22:42:42] 
INFO [2024-08-11 22:42:42] $cat.default.pos
INFO [2024-08-11 22:42:42] [1] "outer"
INFO [2024-08-11 22:42:42] 
