INFO [2024-06-28 22:45:16] $x
INFO [2024-06-28 22:45:16] genotype_asvs
INFO [2024-06-28 22:45:16] 
INFO [2024-06-28 22:45:16] $category.names
INFO [2024-06-28 22:45:16] names(genotype_asvs)
INFO [2024-06-28 22:45:16] 
INFO [2024-06-28 22:45:16] $filename
INFO [2024-06-28 22:45:16] [1] "ASV_venn_diagram.png"
INFO [2024-06-28 22:45:16] 
INFO [2024-06-28 22:45:16] $output
INFO [2024-06-28 22:45:16] [1] TRUE
INFO [2024-06-28 22:45:16] 
INFO [2024-06-28 22:45:16] $imagetype
INFO [2024-06-28 22:45:16] [1] "png"
INFO [2024-06-28 22:45:16] 
INFO [2024-06-28 22:45:16] $height
INFO [2024-06-28 22:45:16] [1] 3000
INFO [2024-06-28 22:45:16] 
INFO [2024-06-28 22:45:16] $width
INFO [2024-06-28 22:45:16] [1] 3000
INFO [2024-06-28 22:45:16] 
INFO [2024-06-28 22:45:16] $resolution
INFO [2024-06-28 22:45:16] [1] 300
INFO [2024-06-28 22:45:16] 
INFO [2024-06-28 22:45:16] $compression
INFO [2024-06-28 22:45:16] [1] "lzw"
INFO [2024-06-28 22:45:16] 
INFO [2024-06-28 22:45:16] $lwd
INFO [2024-06-28 22:45:16] [1] 2
INFO [2024-06-28 22:45:16] 
INFO [2024-06-28 22:45:16] $lty
INFO [2024-06-28 22:45:16] [1] "blank"
INFO [2024-06-28 22:45:16] 
INFO [2024-06-28 22:45:16] $fill
INFO [2024-06-28 22:45:16] rainbow(length(genotype_asvs))
INFO [2024-06-28 22:45:16] 
INFO [2024-06-28 22:45:16] $cex
INFO [2024-06-28 22:45:16] [1] 0.6
INFO [2024-06-28 22:45:16] 
INFO [2024-06-28 22:45:16] $fontface
INFO [2024-06-28 22:45:16] [1] "bold"
INFO [2024-06-28 22:45:16] 
INFO [2024-06-28 22:45:16] $fontfamily
INFO [2024-06-28 22:45:16] [1] "sans"
INFO [2024-06-28 22:45:16] 
INFO [2024-06-28 22:45:16] $cat.cex
INFO [2024-06-28 22:45:16] [1] 0.6
INFO [2024-06-28 22:45:16] 
INFO [2024-06-28 22:45:16] $cat.fontface
INFO [2024-06-28 22:45:16] [1] "bold"
INFO [2024-06-28 22:45:16] 
INFO [2024-06-28 22:45:16] $cat.default.pos
INFO [2024-06-28 22:45:16] [1] "outer"
INFO [2024-06-28 22:45:16] 
