INFO [2024-06-28 03:22:19] $x
INFO [2024-06-28 03:22:19] genotype_asvs
INFO [2024-06-28 03:22:19] 
INFO [2024-06-28 03:22:19] $category.names
INFO [2024-06-28 03:22:19] names(genotype_asvs)
INFO [2024-06-28 03:22:19] 
INFO [2024-06-28 03:22:19] $filename
INFO [2024-06-28 03:22:19] [1] "ASV_venn_diagram.png"
INFO [2024-06-28 03:22:19] 
INFO [2024-06-28 03:22:19] $output
INFO [2024-06-28 03:22:19] [1] TRUE
INFO [2024-06-28 03:22:19] 
INFO [2024-06-28 03:22:19] $imagetype
INFO [2024-06-28 03:22:19] [1] "png"
INFO [2024-06-28 03:22:19] 
INFO [2024-06-28 03:22:19] $height
INFO [2024-06-28 03:22:19] [1] 3000
INFO [2024-06-28 03:22:19] 
INFO [2024-06-28 03:22:19] $width
INFO [2024-06-28 03:22:19] [1] 3000
INFO [2024-06-28 03:22:19] 
INFO [2024-06-28 03:22:19] $resolution
INFO [2024-06-28 03:22:19] [1] 300
INFO [2024-06-28 03:22:19] 
INFO [2024-06-28 03:22:19] $compression
INFO [2024-06-28 03:22:19] [1] "lzw"
INFO [2024-06-28 03:22:19] 
INFO [2024-06-28 03:22:19] $lwd
INFO [2024-06-28 03:22:19] [1] 2
INFO [2024-06-28 03:22:19] 
INFO [2024-06-28 03:22:19] $lty
INFO [2024-06-28 03:22:19] [1] "blank"
INFO [2024-06-28 03:22:19] 
INFO [2024-06-28 03:22:19] $fill
INFO [2024-06-28 03:22:19] rainbow(length(genotype_asvs))
INFO [2024-06-28 03:22:19] 
INFO [2024-06-28 03:22:19] $cex
INFO [2024-06-28 03:22:19] [1] 0.6
INFO [2024-06-28 03:22:19] 
INFO [2024-06-28 03:22:19] $fontface
INFO [2024-06-28 03:22:19] [1] "bold"
INFO [2024-06-28 03:22:19] 
INFO [2024-06-28 03:22:19] $fontfamily
INFO [2024-06-28 03:22:19] [1] "sans"
INFO [2024-06-28 03:22:19] 
INFO [2024-06-28 03:22:19] $cat.cex
INFO [2024-06-28 03:22:19] [1] 0.6
INFO [2024-06-28 03:22:19] 
INFO [2024-06-28 03:22:19] $cat.fontface
INFO [2024-06-28 03:22:19] [1] "bold"
INFO [2024-06-28 03:22:19] 
INFO [2024-06-28 03:22:19] $cat.default.pos
INFO [2024-06-28 03:22:19] [1] "outer"
INFO [2024-06-28 03:22:19] 
