INFO [2024-08-11 22:41:27] $x
INFO [2024-08-11 22:41:27] genotype_asvs
INFO [2024-08-11 22:41:27] 
INFO [2024-08-11 22:41:27] $category.names
INFO [2024-08-11 22:41:27] names(genotype_asvs)
INFO [2024-08-11 22:41:27] 
INFO [2024-08-11 22:41:27] $filename
INFO [2024-08-11 22:41:27] [1] "ASV_venn_diagram.png"
INFO [2024-08-11 22:41:27] 
INFO [2024-08-11 22:41:27] $output
INFO [2024-08-11 22:41:27] [1] TRUE
INFO [2024-08-11 22:41:27] 
INFO [2024-08-11 22:41:27] $imagetype
INFO [2024-08-11 22:41:27] [1] "png"
INFO [2024-08-11 22:41:27] 
INFO [2024-08-11 22:41:27] $height
INFO [2024-08-11 22:41:27] [1] 3000
INFO [2024-08-11 22:41:27] 
INFO [2024-08-11 22:41:27] $width
INFO [2024-08-11 22:41:27] [1] 3000
INFO [2024-08-11 22:41:27] 
INFO [2024-08-11 22:41:27] $resolution
INFO [2024-08-11 22:41:27] [1] 300
INFO [2024-08-11 22:41:27] 
INFO [2024-08-11 22:41:27] $compression
INFO [2024-08-11 22:41:27] [1] "lzw"
INFO [2024-08-11 22:41:27] 
INFO [2024-08-11 22:41:27] $lwd
INFO [2024-08-11 22:41:27] [1] 2
INFO [2024-08-11 22:41:27] 
INFO [2024-08-11 22:41:27] $lty
INFO [2024-08-11 22:41:27] [1] "blank"
INFO [2024-08-11 22:41:27] 
INFO [2024-08-11 22:41:27] $fill
INFO [2024-08-11 22:41:27] rainbow(length(genotype_asvs))
INFO [2024-08-11 22:41:27] 
INFO [2024-08-11 22:41:27] $cex
INFO [2024-08-11 22:41:27] [1] 0.6
INFO [2024-08-11 22:41:27] 
INFO [2024-08-11 22:41:27] $fontface
INFO [2024-08-11 22:41:27] [1] "bold"
INFO [2024-08-11 22:41:27] 
INFO [2024-08-11 22:41:27] $fontfamily
INFO [2024-08-11 22:41:27] [1] "sans"
INFO [2024-08-11 22:41:27] 
INFO [2024-08-11 22:41:27] $cat.cex
INFO [2024-08-11 22:41:27] [1] 0.6
INFO [2024-08-11 22:41:27] 
INFO [2024-08-11 22:41:27] $cat.fontface
INFO [2024-08-11 22:41:27] [1] "bold"
INFO [2024-08-11 22:41:27] 
INFO [2024-08-11 22:41:27] $cat.default.pos
INFO [2024-08-11 22:41:27] [1] "outer"
INFO [2024-08-11 22:41:27] 
