INFO [2024-06-28 22:46:33] $x
INFO [2024-06-28 22:46:33] genotype_asvs
INFO [2024-06-28 22:46:33] 
INFO [2024-06-28 22:46:33] $category.names
INFO [2024-06-28 22:46:33] names(genotype_asvs)
INFO [2024-06-28 22:46:33] 
INFO [2024-06-28 22:46:33] $filename
INFO [2024-06-28 22:46:33] [1] "ASV_venn_diagram.png"
INFO [2024-06-28 22:46:33] 
INFO [2024-06-28 22:46:33] $output
INFO [2024-06-28 22:46:33] [1] TRUE
INFO [2024-06-28 22:46:33] 
INFO [2024-06-28 22:46:33] $imagetype
INFO [2024-06-28 22:46:33] [1] "png"
INFO [2024-06-28 22:46:33] 
INFO [2024-06-28 22:46:33] $height
INFO [2024-06-28 22:46:33] [1] 3000
INFO [2024-06-28 22:46:33] 
INFO [2024-06-28 22:46:33] $width
INFO [2024-06-28 22:46:33] [1] 3000
INFO [2024-06-28 22:46:33] 
INFO [2024-06-28 22:46:33] $resolution
INFO [2024-06-28 22:46:33] [1] 300
INFO [2024-06-28 22:46:33] 
INFO [2024-06-28 22:46:33] $compression
INFO [2024-06-28 22:46:33] [1] "lzw"
INFO [2024-06-28 22:46:33] 
INFO [2024-06-28 22:46:33] $lwd
INFO [2024-06-28 22:46:33] [1] 2
INFO [2024-06-28 22:46:33] 
INFO [2024-06-28 22:46:33] $lty
INFO [2024-06-28 22:46:33] [1] "blank"
INFO [2024-06-28 22:46:33] 
INFO [2024-06-28 22:46:33] $fill
INFO [2024-06-28 22:46:33] rainbow(length(genotype_asvs))
INFO [2024-06-28 22:46:33] 
INFO [2024-06-28 22:46:33] $cex
INFO [2024-06-28 22:46:33] [1] 0.6
INFO [2024-06-28 22:46:33] 
INFO [2024-06-28 22:46:33] $fontface
INFO [2024-06-28 22:46:33] [1] "bold"
INFO [2024-06-28 22:46:33] 
INFO [2024-06-28 22:46:33] $fontfamily
INFO [2024-06-28 22:46:33] [1] "sans"
INFO [2024-06-28 22:46:33] 
INFO [2024-06-28 22:46:33] $cat.cex
INFO [2024-06-28 22:46:33] [1] 0.6
INFO [2024-06-28 22:46:33] 
INFO [2024-06-28 22:46:33] $cat.fontface
INFO [2024-06-28 22:46:33] [1] "bold"
INFO [2024-06-28 22:46:33] 
INFO [2024-06-28 22:46:33] $cat.default.pos
INFO [2024-06-28 22:46:33] [1] "outer"
INFO [2024-06-28 22:46:33] 
