INFO [2024-06-28 13:47:00] $x
INFO [2024-06-28 13:47:00] genotype_asvs
INFO [2024-06-28 13:47:00] 
INFO [2024-06-28 13:47:00] $category.names
INFO [2024-06-28 13:47:00] names(genotype_asvs)
INFO [2024-06-28 13:47:00] 
INFO [2024-06-28 13:47:00] $filename
INFO [2024-06-28 13:47:00] [1] "improved_venn_diagram.png"
INFO [2024-06-28 13:47:00] 
INFO [2024-06-28 13:47:00] $output
INFO [2024-06-28 13:47:00] [1] TRUE
INFO [2024-06-28 13:47:00] 
INFO [2024-06-28 13:47:00] $imagetype
INFO [2024-06-28 13:47:00] [1] "png"
INFO [2024-06-28 13:47:00] 
INFO [2024-06-28 13:47:00] $height
INFO [2024-06-28 13:47:00] [1] 3000
INFO [2024-06-28 13:47:00] 
INFO [2024-06-28 13:47:00] $width
INFO [2024-06-28 13:47:00] [1] 3000
INFO [2024-06-28 13:47:00] 
INFO [2024-06-28 13:47:00] $resolution
INFO [2024-06-28 13:47:00] [1] 300
INFO [2024-06-28 13:47:00] 
INFO [2024-06-28 13:47:00] $compression
INFO [2024-06-28 13:47:00] [1] "lzw"
INFO [2024-06-28 13:47:00] 
INFO [2024-06-28 13:47:00] $lwd
INFO [2024-06-28 13:47:00] [1] 2
INFO [2024-06-28 13:47:00] 
INFO [2024-06-28 13:47:00] $lty
INFO [2024-06-28 13:47:00] [1] "blank"
INFO [2024-06-28 13:47:00] 
INFO [2024-06-28 13:47:00] $fill
INFO [2024-06-28 13:47:00] venn_colors
INFO [2024-06-28 13:47:00] 
INFO [2024-06-28 13:47:00] $cex
INFO [2024-06-28 13:47:00] [1] 1.5
INFO [2024-06-28 13:47:00] 
INFO [2024-06-28 13:47:00] $fontface
INFO [2024-06-28 13:47:00] [1] "bold"
INFO [2024-06-28 13:47:00] 
INFO [2024-06-28 13:47:00] $fontfamily
INFO [2024-06-28 13:47:00] [1] "sans"
INFO [2024-06-28 13:47:00] 
INFO [2024-06-28 13:47:00] $cat.cex
INFO [2024-06-28 13:47:00] [1] 1.5
INFO [2024-06-28 13:47:00] 
INFO [2024-06-28 13:47:00] $cat.fontface
INFO [2024-06-28 13:47:00] [1] "bold"
INFO [2024-06-28 13:47:00] 
INFO [2024-06-28 13:47:00] $cat.default.pos
INFO [2024-06-28 13:47:00] [1] "outer"
INFO [2024-06-28 13:47:00] 
INFO [2024-06-28 13:47:00] $cat.pos
INFO [2024-06-28 13:47:00] c(-27, 27, 135, 180, 0)
INFO [2024-06-28 13:47:00] 
INFO [2024-06-28 13:47:00] $cat.dist
INFO [2024-06-28 13:47:00] c(0.055, 0.055, 0.085, 0.085, 0.085)
INFO [2024-06-28 13:47:00] 
INFO [2024-06-28 13:47:00] $cat.fontfamily
INFO [2024-06-28 13:47:00] [1] "sans"
INFO [2024-06-28 13:47:00] 
INFO [2024-06-28 13:47:00] $rotation
INFO [2024-06-28 13:47:00] [1] 1
INFO [2024-06-28 13:47:00] 
INFO [2024-06-28 13:47:00] $print.mode
INFO [2024-06-28 13:47:00] [1] "raw"
INFO [2024-06-28 13:47:00] 
