INFO [2024-01-01 15:14:27] [[1]]
INFO [2024-01-01 15:14:27] venn_day
INFO [2024-01-01 15:14:27] 
INFO [2024-01-01 15:14:27] $height
INFO [2024-01-01 15:14:27] [1] 5
INFO [2024-01-01 15:14:27] 
INFO [2024-01-01 15:14:27] $width
INFO [2024-01-01 15:14:27] [1] 5
INFO [2024-01-01 15:14:27] 
INFO [2024-01-01 15:14:27] $filename
INFO [2024-01-01 15:14:27] NULL
INFO [2024-01-01 15:14:27] 
INFO [2024-01-01 15:14:27] $fill
INFO [2024-01-01 15:14:27] c("#00AED7", "#FD9347", "#00AED3")
INFO [2024-01-01 15:14:27] 
INFO [2024-01-01 15:14:27] $cat.col
INFO [2024-01-01 15:14:27] c("#00AED7", "#FD9347", "#00AED3")
INFO [2024-01-01 15:14:27] 
INFO [2024-01-01 15:14:27] $alpha
INFO [2024-01-01 15:14:27] c(0.5, 0.5, 0.5)
INFO [2024-01-01 15:14:27] 
INFO [2024-01-01 15:14:27] $fontfamily
INFO [2024-01-01 15:14:27] [1] "serif"
INFO [2024-01-01 15:14:27] 
INFO [2024-01-01 15:14:27] $fontface
INFO [2024-01-01 15:14:27] [1] "bold"
INFO [2024-01-01 15:14:27] 
INFO [2024-01-01 15:14:27] $cex
INFO [2024-01-01 15:14:27] [1] 1
INFO [2024-01-01 15:14:27] 
INFO [2024-01-01 15:14:27] $cat.default.pos
INFO [2024-01-01 15:14:27] [1] "outer"
INFO [2024-01-01 15:14:27] 
INFO [2024-01-01 15:14:27] $cat.dist
INFO [2024-01-01 15:14:27] [1] 0.1
INFO [2024-01-01 15:14:27] 
INFO [2024-01-01 15:14:27] $margin
INFO [2024-01-01 15:14:27] [1] 0.1
INFO [2024-01-01 15:14:27] 
INFO [2024-01-01 15:14:27] $lwd
INFO [2024-01-01 15:14:27] [1] 3
INFO [2024-01-01 15:14:27] 
INFO [2024-01-01 15:14:27] $lty
INFO [2024-01-01 15:14:27] [1] "dotted"
INFO [2024-01-01 15:14:27] 
INFO [2024-01-01 15:14:27] $imagetype
INFO [2024-01-01 15:14:27] [1] "png"
INFO [2024-01-01 15:14:27] 
ERROR [2024-01-01 15:14:27] Incorrect number of elements.
