INFO [2024-03-26 12:24:42] [[1]]
INFO [2024-03-26 12:24:42] vennlist
INFO [2024-03-26 12:24:42] 
INFO [2024-03-26 12:24:42] $height
INFO [2024-03-26 12:24:42] [1] 5
INFO [2024-03-26 12:24:42] 
INFO [2024-03-26 12:24:42] $width
INFO [2024-03-26 12:24:42] [1] 5
INFO [2024-03-26 12:24:42] 
INFO [2024-03-26 12:24:42] $filename
INFO [2024-03-26 12:24:42] NULL
INFO [2024-03-26 12:24:42] 
INFO [2024-03-26 12:24:42] $fill
INFO [2024-03-26 12:24:42] c("#00AED7", "#FD9347")
INFO [2024-03-26 12:24:42] 
INFO [2024-03-26 12:24:42] $cat.col
INFO [2024-03-26 12:24:42] c("#00AED7", "#FD9347")
INFO [2024-03-26 12:24:42] 
INFO [2024-03-26 12:24:42] $alpha
INFO [2024-03-26 12:24:42] c(0.5, 0.5)
INFO [2024-03-26 12:24:42] 
INFO [2024-03-26 12:24:42] $fontfamily
INFO [2024-03-26 12:24:42] [1] "serif"
INFO [2024-03-26 12:24:42] 
INFO [2024-03-26 12:24:42] $fontface
INFO [2024-03-26 12:24:42] [1] "bold"
INFO [2024-03-26 12:24:42] 
INFO [2024-03-26 12:24:42] $cex
INFO [2024-03-26 12:24:42] [1] 1
INFO [2024-03-26 12:24:42] 
INFO [2024-03-26 12:24:42] $cat.default.pos
INFO [2024-03-26 12:24:42] [1] "outer"
INFO [2024-03-26 12:24:42] 
INFO [2024-03-26 12:24:42] $cat.dist
INFO [2024-03-26 12:24:42] [1] 0.1
INFO [2024-03-26 12:24:42] 
INFO [2024-03-26 12:24:42] $margin
INFO [2024-03-26 12:24:42] [1] 0.1
INFO [2024-03-26 12:24:42] 
INFO [2024-03-26 12:24:42] $lwd
INFO [2024-03-26 12:24:42] [1] 3
INFO [2024-03-26 12:24:42] 
INFO [2024-03-26 12:24:42] $lty
INFO [2024-03-26 12:24:42] [1] "dotted"
INFO [2024-03-26 12:24:42] 
INFO [2024-03-26 12:24:42] $imagetype
INFO [2024-03-26 12:24:42] [1] "png"
INFO [2024-03-26 12:24:42] 
