INFO [2024-01-01 15:13:54] [[1]]
INFO [2024-01-01 15:13:54] venn_day
INFO [2024-01-01 15:13:54] 
INFO [2024-01-01 15:13:54] $height
INFO [2024-01-01 15:13:54] [1] 5
INFO [2024-01-01 15:13:54] 
INFO [2024-01-01 15:13:54] $width
INFO [2024-01-01 15:13:54] [1] 5
INFO [2024-01-01 15:13:54] 
INFO [2024-01-01 15:13:54] $filename
INFO [2024-01-01 15:13:54] NULL
INFO [2024-01-01 15:13:54] 
INFO [2024-01-01 15:13:54] $fill
INFO [2024-01-01 15:13:54] c("#00AED7", "#FD9347")
INFO [2024-01-01 15:13:54] 
INFO [2024-01-01 15:13:54] $cat.col
INFO [2024-01-01 15:13:54] c("#00AED7", "#FD9347")
INFO [2024-01-01 15:13:54] 
INFO [2024-01-01 15:13:54] $alpha
INFO [2024-01-01 15:13:54] c(0.5, 0.5, 0.5)
INFO [2024-01-01 15:13:54] 
INFO [2024-01-01 15:13:54] $fontfamily
INFO [2024-01-01 15:13:54] [1] "serif"
INFO [2024-01-01 15:13:54] 
INFO [2024-01-01 15:13:54] $fontface
INFO [2024-01-01 15:13:54] [1] "bold"
INFO [2024-01-01 15:13:54] 
INFO [2024-01-01 15:13:54] $cex
INFO [2024-01-01 15:13:54] [1] 1
INFO [2024-01-01 15:13:54] 
INFO [2024-01-01 15:13:54] $cat.default.pos
INFO [2024-01-01 15:13:54] [1] "outer"
INFO [2024-01-01 15:13:54] 
INFO [2024-01-01 15:13:54] $cat.dist
INFO [2024-01-01 15:13:54] [1] 0.1
INFO [2024-01-01 15:13:54] 
INFO [2024-01-01 15:13:54] $margin
INFO [2024-01-01 15:13:54] [1] 0.1
INFO [2024-01-01 15:13:54] 
INFO [2024-01-01 15:13:54] $lwd
INFO [2024-01-01 15:13:54] [1] 3
INFO [2024-01-01 15:13:54] 
INFO [2024-01-01 15:13:54] $lty
INFO [2024-01-01 15:13:54] [1] "dotted"
INFO [2024-01-01 15:13:54] 
INFO [2024-01-01 15:13:54] $imagetype
INFO [2024-01-01 15:13:54] [1] "png"
INFO [2024-01-01 15:13:54] 
ERROR [2024-01-01 15:13:54] Incorrect number of elements.
