INFO [2024-03-26 12:24:46] [[1]]
INFO [2024-03-26 12:24:46] vennlist
INFO [2024-03-26 12:24:46] 
INFO [2024-03-26 12:24:46] $height
INFO [2024-03-26 12:24:46] [1] 5
INFO [2024-03-26 12:24:46] 
INFO [2024-03-26 12:24:46] $width
INFO [2024-03-26 12:24:46] [1] 5
INFO [2024-03-26 12:24:46] 
INFO [2024-03-26 12:24:46] $filename
INFO [2024-03-26 12:24:46] NULL
INFO [2024-03-26 12:24:46] 
INFO [2024-03-26 12:24:46] $fill
INFO [2024-03-26 12:24:46] c("#00AED7", "#FD9347")
INFO [2024-03-26 12:24:46] 
INFO [2024-03-26 12:24:46] $cat.col
INFO [2024-03-26 12:24:46] c("#00AED7", "#FD9347")
INFO [2024-03-26 12:24:46] 
INFO [2024-03-26 12:24:46] $alpha
INFO [2024-03-26 12:24:46] c(0.5, 0.5)
INFO [2024-03-26 12:24:46] 
INFO [2024-03-26 12:24:46] $fontfamily
INFO [2024-03-26 12:24:46] [1] "serif"
INFO [2024-03-26 12:24:46] 
INFO [2024-03-26 12:24:46] $fontface
INFO [2024-03-26 12:24:46] [1] "bold"
INFO [2024-03-26 12:24:46] 
INFO [2024-03-26 12:24:46] $cex
INFO [2024-03-26 12:24:46] [1] 1
INFO [2024-03-26 12:24:46] 
INFO [2024-03-26 12:24:46] $cat.default.pos
INFO [2024-03-26 12:24:46] [1] "outer"
INFO [2024-03-26 12:24:46] 
INFO [2024-03-26 12:24:46] $cat.dist
INFO [2024-03-26 12:24:46] [1] 0.1
INFO [2024-03-26 12:24:46] 
INFO [2024-03-26 12:24:46] $margin
INFO [2024-03-26 12:24:46] [1] 0.1
INFO [2024-03-26 12:24:46] 
INFO [2024-03-26 12:24:46] $lwd
INFO [2024-03-26 12:24:46] [1] 3
INFO [2024-03-26 12:24:46] 
INFO [2024-03-26 12:24:46] $lty
INFO [2024-03-26 12:24:46] [1] "dotted"
INFO [2024-03-26 12:24:46] 
INFO [2024-03-26 12:24:46] $imagetype
INFO [2024-03-26 12:24:46] [1] "png"
INFO [2024-03-26 12:24:46] 
