INFO [2024-01-01 12:06:40] [[1]]
INFO [2024-01-01 12:06:40] vennlist
INFO [2024-01-01 12:06:40] 
INFO [2024-01-01 12:06:40] $height
INFO [2024-01-01 12:06:40] [1] 5
INFO [2024-01-01 12:06:40] 
INFO [2024-01-01 12:06:40] $width
INFO [2024-01-01 12:06:40] [1] 5
INFO [2024-01-01 12:06:40] 
INFO [2024-01-01 12:06:40] $filename
INFO [2024-01-01 12:06:40] NULL
INFO [2024-01-01 12:06:40] 
INFO [2024-01-01 12:06:40] $fill
INFO [2024-01-01 12:06:40] c("#00AED7", "#FD9347")
INFO [2024-01-01 12:06:40] 
INFO [2024-01-01 12:06:40] $cat.col
INFO [2024-01-01 12:06:40] c("#00AED7", "#FD9347")
INFO [2024-01-01 12:06:40] 
INFO [2024-01-01 12:06:40] $alpha
INFO [2024-01-01 12:06:40] [1] 0.85
INFO [2024-01-01 12:06:40] 
INFO [2024-01-01 12:06:40] $fontfamily
INFO [2024-01-01 12:06:40] [1] "sans"
INFO [2024-01-01 12:06:40] 
INFO [2024-01-01 12:06:40] $fontface
INFO [2024-01-01 12:06:40] [1] "bold"
INFO [2024-01-01 12:06:40] 
INFO [2024-01-01 12:06:40] $cex
INFO [2024-01-01 12:06:40] [1] 1.2
INFO [2024-01-01 12:06:40] 
INFO [2024-01-01 12:06:40] $cat.default.pos
INFO [2024-01-01 12:06:40] [1] "outer"
INFO [2024-01-01 12:06:40] 
INFO [2024-01-01 12:06:40] $cat.dist
INFO [2024-01-01 12:06:40] [1] 0.1
INFO [2024-01-01 12:06:40] 
INFO [2024-01-01 12:06:40] $margin
INFO [2024-01-01 12:06:40] [1] 0.1
INFO [2024-01-01 12:06:40] 
INFO [2024-01-01 12:06:40] $lwd
INFO [2024-01-01 12:06:40] [1] 3
INFO [2024-01-01 12:06:40] 
INFO [2024-01-01 12:06:40] $lty
INFO [2024-01-01 12:06:40] [1] "dotted"
INFO [2024-01-01 12:06:40] 
