INFO [2024-01-01 14:41:25] [[1]]
INFO [2024-01-01 14:41:25] vennlist
INFO [2024-01-01 14:41:25] 
INFO [2024-01-01 14:41:25] $height
INFO [2024-01-01 14:41:25] [1] 5
INFO [2024-01-01 14:41:25] 
INFO [2024-01-01 14:41:25] $width
INFO [2024-01-01 14:41:25] [1] 5
INFO [2024-01-01 14:41:25] 
INFO [2024-01-01 14:41:25] $filename
INFO [2024-01-01 14:41:25] NULL
INFO [2024-01-01 14:41:25] 
INFO [2024-01-01 14:41:25] $fill
INFO [2024-01-01 14:41:25] c("#00AED7", "#FD9347")
INFO [2024-01-01 14:41:25] 
INFO [2024-01-01 14:41:25] $cat.col
INFO [2024-01-01 14:41:25] c("#00AED7", "#FD9347")
INFO [2024-01-01 14:41:25] 
INFO [2024-01-01 14:41:25] $alpha
INFO [2024-01-01 14:41:25] c(0.5, 0.5)
INFO [2024-01-01 14:41:25] 
INFO [2024-01-01 14:41:25] $fontfamily
INFO [2024-01-01 14:41:25] [1] "serif"
INFO [2024-01-01 14:41:25] 
INFO [2024-01-01 14:41:25] $fontface
INFO [2024-01-01 14:41:25] [1] "bold"
INFO [2024-01-01 14:41:25] 
INFO [2024-01-01 14:41:25] $cex
INFO [2024-01-01 14:41:25] [1] 1
INFO [2024-01-01 14:41:25] 
INFO [2024-01-01 14:41:25] $cat.default.pos
INFO [2024-01-01 14:41:25] [1] "outer"
INFO [2024-01-01 14:41:25] 
INFO [2024-01-01 14:41:25] $cat.dist
INFO [2024-01-01 14:41:25] [1] 0.1
INFO [2024-01-01 14:41:25] 
INFO [2024-01-01 14:41:25] $margin
INFO [2024-01-01 14:41:25] [1] 0.1
INFO [2024-01-01 14:41:25] 
INFO [2024-01-01 14:41:25] $lwd
INFO [2024-01-01 14:41:25] [1] 3
INFO [2024-01-01 14:41:25] 
INFO [2024-01-01 14:41:25] $lty
INFO [2024-01-01 14:41:25] [1] "dotted"
INFO [2024-01-01 14:41:25] 
INFO [2024-01-01 14:41:25] $imagetype
INFO [2024-01-01 14:41:25] [1] "png"
INFO [2024-01-01 14:41:25] 
