INFO [2024-01-04 15:56:41] [[1]]
INFO [2024-01-04 15:56:41] vennlist
INFO [2024-01-04 15:56:41] 
INFO [2024-01-04 15:56:41] $height
INFO [2024-01-04 15:56:41] [1] 5
INFO [2024-01-04 15:56:41] 
INFO [2024-01-04 15:56:41] $width
INFO [2024-01-04 15:56:41] [1] 5
INFO [2024-01-04 15:56:41] 
INFO [2024-01-04 15:56:41] $filename
INFO [2024-01-04 15:56:41] NULL
INFO [2024-01-04 15:56:41] 
INFO [2024-01-04 15:56:41] $fill
INFO [2024-01-04 15:56:41] c("#00AED7", "#FD9347")
INFO [2024-01-04 15:56:41] 
INFO [2024-01-04 15:56:41] $cat.col
INFO [2024-01-04 15:56:41] c("#00AED7", "#FD9347")
INFO [2024-01-04 15:56:41] 
INFO [2024-01-04 15:56:41] $alpha
INFO [2024-01-04 15:56:41] c(0.5, 0.5)
INFO [2024-01-04 15:56:41] 
INFO [2024-01-04 15:56:41] $fontfamily
INFO [2024-01-04 15:56:41] [1] "serif"
INFO [2024-01-04 15:56:41] 
INFO [2024-01-04 15:56:41] $fontface
INFO [2024-01-04 15:56:41] [1] "bold"
INFO [2024-01-04 15:56:41] 
INFO [2024-01-04 15:56:41] $cex
INFO [2024-01-04 15:56:41] [1] 1
INFO [2024-01-04 15:56:41] 
INFO [2024-01-04 15:56:41] $cat.default.pos
INFO [2024-01-04 15:56:41] [1] "outer"
INFO [2024-01-04 15:56:41] 
INFO [2024-01-04 15:56:41] $cat.dist
INFO [2024-01-04 15:56:41] [1] 0.1
INFO [2024-01-04 15:56:41] 
INFO [2024-01-04 15:56:41] $margin
INFO [2024-01-04 15:56:41] [1] 0.1
INFO [2024-01-04 15:56:41] 
INFO [2024-01-04 15:56:41] $lwd
INFO [2024-01-04 15:56:41] [1] 3
INFO [2024-01-04 15:56:41] 
INFO [2024-01-04 15:56:41] $lty
INFO [2024-01-04 15:56:41] [1] "dotted"
INFO [2024-01-04 15:56:41] 
INFO [2024-01-04 15:56:41] $imagetype
INFO [2024-01-04 15:56:41] [1] "png"
INFO [2024-01-04 15:56:41] 
