INFO [2024-01-05 01:36:18] [[1]]
INFO [2024-01-05 01:36:18] vennlist
INFO [2024-01-05 01:36:18] 
INFO [2024-01-05 01:36:18] $height
INFO [2024-01-05 01:36:18] [1] 5
INFO [2024-01-05 01:36:18] 
INFO [2024-01-05 01:36:18] $width
INFO [2024-01-05 01:36:18] [1] 5
INFO [2024-01-05 01:36:18] 
INFO [2024-01-05 01:36:18] $filename
INFO [2024-01-05 01:36:18] NULL
INFO [2024-01-05 01:36:18] 
INFO [2024-01-05 01:36:18] $fill
INFO [2024-01-05 01:36:18] c("#00AED7", "#FD9347")
INFO [2024-01-05 01:36:18] 
INFO [2024-01-05 01:36:18] $cat.col
INFO [2024-01-05 01:36:18] c("#00AED7", "#FD9347")
INFO [2024-01-05 01:36:18] 
INFO [2024-01-05 01:36:18] $alpha
INFO [2024-01-05 01:36:18] c(0.5, 0.5)
INFO [2024-01-05 01:36:18] 
INFO [2024-01-05 01:36:18] $fontfamily
INFO [2024-01-05 01:36:18] [1] "serif"
INFO [2024-01-05 01:36:18] 
INFO [2024-01-05 01:36:18] $fontface
INFO [2024-01-05 01:36:18] [1] "bold"
INFO [2024-01-05 01:36:18] 
INFO [2024-01-05 01:36:18] $cex
INFO [2024-01-05 01:36:18] [1] 1
INFO [2024-01-05 01:36:18] 
INFO [2024-01-05 01:36:18] $cat.default.pos
INFO [2024-01-05 01:36:18] [1] "outer"
INFO [2024-01-05 01:36:18] 
INFO [2024-01-05 01:36:18] $cat.dist
INFO [2024-01-05 01:36:18] [1] 0.1
INFO [2024-01-05 01:36:18] 
INFO [2024-01-05 01:36:18] $margin
INFO [2024-01-05 01:36:18] [1] 0.1
INFO [2024-01-05 01:36:18] 
INFO [2024-01-05 01:36:18] $lwd
INFO [2024-01-05 01:36:18] [1] 3
INFO [2024-01-05 01:36:18] 
INFO [2024-01-05 01:36:18] $lty
INFO [2024-01-05 01:36:18] [1] "dotted"
INFO [2024-01-05 01:36:18] 
INFO [2024-01-05 01:36:18] $imagetype
INFO [2024-01-05 01:36:18] [1] "png"
INFO [2024-01-05 01:36:18] 
