INFO [2024-01-01 15:13:37] [[1]]
INFO [2024-01-01 15:13:37] venn_day
INFO [2024-01-01 15:13:37] 
INFO [2024-01-01 15:13:37] $height
INFO [2024-01-01 15:13:37] [1] 5
INFO [2024-01-01 15:13:37] 
INFO [2024-01-01 15:13:37] $width
INFO [2024-01-01 15:13:37] [1] 5
INFO [2024-01-01 15:13:37] 
INFO [2024-01-01 15:13:37] $filename
INFO [2024-01-01 15:13:37] NULL
INFO [2024-01-01 15:13:37] 
INFO [2024-01-01 15:13:37] $fill
INFO [2024-01-01 15:13:37] c("#00AED7", "#FD9347")
INFO [2024-01-01 15:13:37] 
INFO [2024-01-01 15:13:37] $cat.col
INFO [2024-01-01 15:13:37] c("#00AED7", "#FD9347")
INFO [2024-01-01 15:13:37] 
INFO [2024-01-01 15:13:37] $alpha
INFO [2024-01-01 15:13:37] c(0.5, 0.5)
INFO [2024-01-01 15:13:37] 
INFO [2024-01-01 15:13:37] $fontfamily
INFO [2024-01-01 15:13:37] [1] "serif"
INFO [2024-01-01 15:13:37] 
INFO [2024-01-01 15:13:37] $fontface
INFO [2024-01-01 15:13:37] [1] "bold"
INFO [2024-01-01 15:13:37] 
INFO [2024-01-01 15:13:37] $cex
INFO [2024-01-01 15:13:37] [1] 1
INFO [2024-01-01 15:13:37] 
INFO [2024-01-01 15:13:37] $cat.default.pos
INFO [2024-01-01 15:13:37] [1] "outer"
INFO [2024-01-01 15:13:37] 
INFO [2024-01-01 15:13:37] $cat.dist
INFO [2024-01-01 15:13:37] [1] 0.1
INFO [2024-01-01 15:13:37] 
INFO [2024-01-01 15:13:37] $margin
INFO [2024-01-01 15:13:37] [1] 0.1
INFO [2024-01-01 15:13:37] 
INFO [2024-01-01 15:13:37] $lwd
INFO [2024-01-01 15:13:37] [1] 3
INFO [2024-01-01 15:13:37] 
INFO [2024-01-01 15:13:37] $lty
INFO [2024-01-01 15:13:37] [1] "dotted"
INFO [2024-01-01 15:13:37] 
INFO [2024-01-01 15:13:37] $imagetype
INFO [2024-01-01 15:13:37] [1] "png"
INFO [2024-01-01 15:13:37] 
ERROR [2024-01-01 15:13:37] Incorrect number of elements.
