INFO [2024-01-01 12:09:05] [[1]]
INFO [2024-01-01 12:09:05] vennlist
INFO [2024-01-01 12:09:05] 
INFO [2024-01-01 12:09:05] $height
INFO [2024-01-01 12:09:05] [1] 5
INFO [2024-01-01 12:09:05] 
INFO [2024-01-01 12:09:05] $width
INFO [2024-01-01 12:09:05] [1] 5
INFO [2024-01-01 12:09:05] 
INFO [2024-01-01 12:09:05] $filename
INFO [2024-01-01 12:09:05] NULL
INFO [2024-01-01 12:09:05] 
INFO [2024-01-01 12:09:05] $fill
INFO [2024-01-01 12:09:05] c("#00AED7", "#FD9347")
INFO [2024-01-01 12:09:05] 
INFO [2024-01-01 12:09:05] $cat.col
INFO [2024-01-01 12:09:05] c("#00AED7", "#FD9347")
INFO [2024-01-01 12:09:05] 
INFO [2024-01-01 12:09:05] $alpha
INFO [2024-01-01 12:09:05] [1] 0.85
INFO [2024-01-01 12:09:05] 
INFO [2024-01-01 12:09:05] $fontfamily
INFO [2024-01-01 12:09:05] [1] "serif"
INFO [2024-01-01 12:09:05] 
INFO [2024-01-01 12:09:05] $fontface
INFO [2024-01-01 12:09:05] [1] "bold"
INFO [2024-01-01 12:09:05] 
INFO [2024-01-01 12:09:05] $cex
INFO [2024-01-01 12:09:05] [1] 1.2
INFO [2024-01-01 12:09:05] 
INFO [2024-01-01 12:09:05] $cat.default.pos
INFO [2024-01-01 12:09:05] [1] "outer"
INFO [2024-01-01 12:09:05] 
INFO [2024-01-01 12:09:05] $cat.dist
INFO [2024-01-01 12:09:05] [1] 0.1
INFO [2024-01-01 12:09:05] 
INFO [2024-01-01 12:09:05] $margin
INFO [2024-01-01 12:09:05] [1] 0.1
INFO [2024-01-01 12:09:05] 
INFO [2024-01-01 12:09:05] $lwd
INFO [2024-01-01 12:09:05] [1] 3
INFO [2024-01-01 12:09:05] 
INFO [2024-01-01 12:09:05] $lty
INFO [2024-01-01 12:09:05] [1] "dotted"
INFO [2024-01-01 12:09:05] 
INFO [2024-01-01 12:09:05] $imagetype
INFO [2024-01-01 12:09:05] [1] "svg"
INFO [2024-01-01 12:09:05] 
