INFO [2024-08-09 10:58:15] [[1]]
INFO [2024-08-09 10:58:15] vennlist
INFO [2024-08-09 10:58:15] 
INFO [2024-08-09 10:58:15] $height
INFO [2024-08-09 10:58:15] [1] 5
INFO [2024-08-09 10:58:15] 
INFO [2024-08-09 10:58:15] $width
INFO [2024-08-09 10:58:15] [1] 5
INFO [2024-08-09 10:58:15] 
INFO [2024-08-09 10:58:15] $filename
INFO [2024-08-09 10:58:15] NULL
INFO [2024-08-09 10:58:15] 
INFO [2024-08-09 10:58:15] $fill
INFO [2024-08-09 10:58:15] c("#00AED7", "#FD9347")
INFO [2024-08-09 10:58:15] 
INFO [2024-08-09 10:58:15] $cat.col
INFO [2024-08-09 10:58:15] c("#00AED7", "#FD9347")
INFO [2024-08-09 10:58:15] 
INFO [2024-08-09 10:58:15] $alpha
INFO [2024-08-09 10:58:15] c(0.5, 0.5)
INFO [2024-08-09 10:58:15] 
INFO [2024-08-09 10:58:15] $fontfamily
INFO [2024-08-09 10:58:15] [1] "serif"
INFO [2024-08-09 10:58:15] 
INFO [2024-08-09 10:58:15] $fontface
INFO [2024-08-09 10:58:15] [1] "bold"
INFO [2024-08-09 10:58:15] 
INFO [2024-08-09 10:58:15] $cex
INFO [2024-08-09 10:58:15] [1] 1
INFO [2024-08-09 10:58:15] 
INFO [2024-08-09 10:58:15] $cat.default.pos
INFO [2024-08-09 10:58:15] [1] "outer"
INFO [2024-08-09 10:58:15] 
INFO [2024-08-09 10:58:15] $cat.dist
INFO [2024-08-09 10:58:15] [1] 0.1
INFO [2024-08-09 10:58:15] 
INFO [2024-08-09 10:58:15] $margin
INFO [2024-08-09 10:58:15] [1] 0.1
INFO [2024-08-09 10:58:15] 
INFO [2024-08-09 10:58:15] $lwd
INFO [2024-08-09 10:58:15] [1] 3
INFO [2024-08-09 10:58:15] 
INFO [2024-08-09 10:58:15] $lty
INFO [2024-08-09 10:58:15] [1] "dotted"
INFO [2024-08-09 10:58:15] 
INFO [2024-08-09 10:58:15] $imagetype
INFO [2024-08-09 10:58:15] [1] "png"
INFO [2024-08-09 10:58:15] 
