INFO [2024-01-01 12:07:52] [[1]]
INFO [2024-01-01 12:07:52] vennlist
INFO [2024-01-01 12:07:52] 
INFO [2024-01-01 12:07:52] $height
INFO [2024-01-01 12:07:52] [1] 5
INFO [2024-01-01 12:07:52] 
INFO [2024-01-01 12:07:52] $width
INFO [2024-01-01 12:07:52] [1] 5
INFO [2024-01-01 12:07:52] 
INFO [2024-01-01 12:07:52] $filename
INFO [2024-01-01 12:07:52] NULL
INFO [2024-01-01 12:07:52] 
INFO [2024-01-01 12:07:52] $fill
INFO [2024-01-01 12:07:52] c("#00AED7", "#FD9347")
INFO [2024-01-01 12:07:52] 
INFO [2024-01-01 12:07:52] $cat.col
INFO [2024-01-01 12:07:52] c("#00AED7", "#FD9347")
INFO [2024-01-01 12:07:52] 
INFO [2024-01-01 12:07:52] $alpha
INFO [2024-01-01 12:07:52] [1] 0.85
INFO [2024-01-01 12:07:52] 
INFO [2024-01-01 12:07:52] $fontfamily
INFO [2024-01-01 12:07:52] [1] "sans"
INFO [2024-01-01 12:07:52] 
INFO [2024-01-01 12:07:52] $fontface
INFO [2024-01-01 12:07:52] [1] "bold"
INFO [2024-01-01 12:07:52] 
INFO [2024-01-01 12:07:52] $cex
INFO [2024-01-01 12:07:52] [1] 1.2
INFO [2024-01-01 12:07:52] 
INFO [2024-01-01 12:07:52] $cat.default.pos
INFO [2024-01-01 12:07:52] [1] "outer"
INFO [2024-01-01 12:07:52] 
INFO [2024-01-01 12:07:52] $cat.dist
INFO [2024-01-01 12:07:52] [1] 0.1
INFO [2024-01-01 12:07:52] 
INFO [2024-01-01 12:07:52] $margin
INFO [2024-01-01 12:07:52] [1] 0.1
INFO [2024-01-01 12:07:52] 
INFO [2024-01-01 12:07:52] $lwd
INFO [2024-01-01 12:07:52] [1] 3
INFO [2024-01-01 12:07:52] 
INFO [2024-01-01 12:07:52] $lty
INFO [2024-01-01 12:07:52] [1] "dotted"
INFO [2024-01-01 12:07:52] 
INFO [2024-01-01 12:07:52] $imagetype
INFO [2024-01-01 12:07:52] [1] "svg"
INFO [2024-01-01 12:07:52] 
