INFO [2024-01-01 12:10:57] [[1]]
INFO [2024-01-01 12:10:57] vennlist
INFO [2024-01-01 12:10:57] 
INFO [2024-01-01 12:10:57] $height
INFO [2024-01-01 12:10:57] [1] 5
INFO [2024-01-01 12:10:57] 
INFO [2024-01-01 12:10:57] $width
INFO [2024-01-01 12:10:57] [1] 5
INFO [2024-01-01 12:10:57] 
INFO [2024-01-01 12:10:57] $filename
INFO [2024-01-01 12:10:57] NULL
INFO [2024-01-01 12:10:57] 
INFO [2024-01-01 12:10:57] $fill
INFO [2024-01-01 12:10:57] c("#00AED7", "#FD9347")
INFO [2024-01-01 12:10:57] 
INFO [2024-01-01 12:10:57] $cat.col
INFO [2024-01-01 12:10:57] c("#00AED7", "#FD9347")
INFO [2024-01-01 12:10:57] 
INFO [2024-01-01 12:10:57] $alpha
INFO [2024-01-01 12:10:57] [1] 0.85
INFO [2024-01-01 12:10:57] 
INFO [2024-01-01 12:10:57] $fontfamily
INFO [2024-01-01 12:10:57] [1] "serif"
INFO [2024-01-01 12:10:57] 
INFO [2024-01-01 12:10:57] $fontface
INFO [2024-01-01 12:10:57] [1] "bold"
INFO [2024-01-01 12:10:57] 
INFO [2024-01-01 12:10:57] $cex
INFO [2024-01-01 12:10:57] [1] 1.2
INFO [2024-01-01 12:10:57] 
INFO [2024-01-01 12:10:57] $cat.default.pos
INFO [2024-01-01 12:10:57] [1] "outer"
INFO [2024-01-01 12:10:57] 
INFO [2024-01-01 12:10:57] $cat.dist
INFO [2024-01-01 12:10:57] [1] 0.1
INFO [2024-01-01 12:10:57] 
INFO [2024-01-01 12:10:57] $margin
INFO [2024-01-01 12:10:57] [1] 0.1
INFO [2024-01-01 12:10:57] 
INFO [2024-01-01 12:10:57] $lwd
INFO [2024-01-01 12:10:57] [1] 3
INFO [2024-01-01 12:10:57] 
INFO [2024-01-01 12:10:57] $lty
INFO [2024-01-01 12:10:57] [1] "dotted"
INFO [2024-01-01 12:10:57] 
INFO [2024-01-01 12:10:57] $imagetype
INFO [2024-01-01 12:10:57] [1] "png"
INFO [2024-01-01 12:10:57] 
