INFO [2024-01-01 12:03:02] [[1]]
INFO [2024-01-01 12:03:02] vennlist
INFO [2024-01-01 12:03:02] 
INFO [2024-01-01 12:03:02] $height
INFO [2024-01-01 12:03:02] [1] 5
INFO [2024-01-01 12:03:02] 
INFO [2024-01-01 12:03:02] $width
INFO [2024-01-01 12:03:02] [1] 5
INFO [2024-01-01 12:03:02] 
INFO [2024-01-01 12:03:02] $filename
INFO [2024-01-01 12:03:02] NULL
INFO [2024-01-01 12:03:02] 
INFO [2024-01-01 12:03:02] $fill
INFO [2024-01-01 12:03:02] c("#00AED7", "#FD9347")
INFO [2024-01-01 12:03:02] 
INFO [2024-01-01 12:03:02] $cat.col
INFO [2024-01-01 12:03:02] c("#00AED7", "#FD9347")
INFO [2024-01-01 12:03:02] 
INFO [2024-01-01 12:03:02] $alpha
INFO [2024-01-01 12:03:02] [1] 0.85
INFO [2024-01-01 12:03:02] 
INFO [2024-01-01 12:03:02] $fontfamily
INFO [2024-01-01 12:03:02] [1] "sans"
INFO [2024-01-01 12:03:02] 
INFO [2024-01-01 12:03:02] $fontface
INFO [2024-01-01 12:03:02] [1] "bold"
INFO [2024-01-01 12:03:02] 
INFO [2024-01-01 12:03:02] $cex
INFO [2024-01-01 12:03:02] [1] 1.2
INFO [2024-01-01 12:03:02] 
INFO [2024-01-01 12:03:02] $cat.default.pos
INFO [2024-01-01 12:03:02] [1] "outer"
INFO [2024-01-01 12:03:02] 
INFO [2024-01-01 12:03:02] $cat.dist
INFO [2024-01-01 12:03:02] [1] 0.1
INFO [2024-01-01 12:03:02] 
INFO [2024-01-01 12:03:02] $margin
INFO [2024-01-01 12:03:02] [1] 0.1
INFO [2024-01-01 12:03:02] 
INFO [2024-01-01 12:03:02] $lwd
INFO [2024-01-01 12:03:02] [1] 3
INFO [2024-01-01 12:03:02] 
INFO [2024-01-01 12:03:02] $lty
INFO [2024-01-01 12:03:02] [1] "dotted"
INFO [2024-01-01 12:03:02] 
