INFO [2024-01-01 15:09:13] [[1]]
INFO [2024-01-01 15:09:13] vennlist
INFO [2024-01-01 15:09:13] 
INFO [2024-01-01 15:09:13] $height
INFO [2024-01-01 15:09:13] [1] 5
INFO [2024-01-01 15:09:13] 
INFO [2024-01-01 15:09:13] $width
INFO [2024-01-01 15:09:13] [1] 5
INFO [2024-01-01 15:09:13] 
INFO [2024-01-01 15:09:13] $filename
INFO [2024-01-01 15:09:13] NULL
INFO [2024-01-01 15:09:13] 
INFO [2024-01-01 15:09:13] $fill
INFO [2024-01-01 15:09:13] c("#00AED7", "#FD9347")
INFO [2024-01-01 15:09:13] 
INFO [2024-01-01 15:09:13] $cat.col
INFO [2024-01-01 15:09:13] c("#00AED7", "#FD9347")
INFO [2024-01-01 15:09:13] 
INFO [2024-01-01 15:09:13] $alpha
INFO [2024-01-01 15:09:13] c(0.5, 0.5)
INFO [2024-01-01 15:09:13] 
INFO [2024-01-01 15:09:13] $fontfamily
INFO [2024-01-01 15:09:13] [1] "serif"
INFO [2024-01-01 15:09:13] 
INFO [2024-01-01 15:09:13] $fontface
INFO [2024-01-01 15:09:13] [1] "bold"
INFO [2024-01-01 15:09:13] 
INFO [2024-01-01 15:09:13] $cex
INFO [2024-01-01 15:09:13] [1] 1
INFO [2024-01-01 15:09:13] 
INFO [2024-01-01 15:09:13] $cat.default.pos
INFO [2024-01-01 15:09:13] [1] "outer"
INFO [2024-01-01 15:09:13] 
INFO [2024-01-01 15:09:13] $cat.dist
INFO [2024-01-01 15:09:13] [1] 0.1
INFO [2024-01-01 15:09:13] 
INFO [2024-01-01 15:09:13] $margin
INFO [2024-01-01 15:09:13] [1] 0.1
INFO [2024-01-01 15:09:13] 
INFO [2024-01-01 15:09:13] $lwd
INFO [2024-01-01 15:09:13] [1] 3
INFO [2024-01-01 15:09:13] 
INFO [2024-01-01 15:09:13] $lty
INFO [2024-01-01 15:09:13] [1] "dotted"
INFO [2024-01-01 15:09:13] 
INFO [2024-01-01 15:09:13] $imagetype
INFO [2024-01-01 15:09:13] [1] "png"
INFO [2024-01-01 15:09:13] 
