INFO [2024-01-01 12:00:59] [[1]]
INFO [2024-01-01 12:00:59] vennlist
INFO [2024-01-01 12:00:59] 
INFO [2024-01-01 12:00:59] $height
INFO [2024-01-01 12:00:59] [1] 5
INFO [2024-01-01 12:00:59] 
INFO [2024-01-01 12:00:59] $width
INFO [2024-01-01 12:00:59] [1] 5
INFO [2024-01-01 12:00:59] 
INFO [2024-01-01 12:00:59] $filename
INFO [2024-01-01 12:00:59] NULL
INFO [2024-01-01 12:00:59] 
INFO [2024-01-01 12:00:59] $fill
INFO [2024-01-01 12:00:59] c("#00AED7", "#FD9347")
INFO [2024-01-01 12:00:59] 
INFO [2024-01-01 12:00:59] $cat.col
INFO [2024-01-01 12:00:59] c("#00AED7", "#FD9347")
INFO [2024-01-01 12:00:59] 
INFO [2024-01-01 12:00:59] $alpha
INFO [2024-01-01 12:00:59] [1] 0.85
INFO [2024-01-01 12:00:59] 
INFO [2024-01-01 12:00:59] $fontfamily
INFO [2024-01-01 12:00:59] [1] "sans"
INFO [2024-01-01 12:00:59] 
INFO [2024-01-01 12:00:59] $fontface
INFO [2024-01-01 12:00:59] [1] "bold"
INFO [2024-01-01 12:00:59] 
INFO [2024-01-01 12:00:59] $cex
INFO [2024-01-01 12:00:59] [1] 1.2
INFO [2024-01-01 12:00:59] 
INFO [2024-01-01 12:00:59] $cat.default.pos
INFO [2024-01-01 12:00:59] [1] "outer"
INFO [2024-01-01 12:00:59] 
INFO [2024-01-01 12:00:59] $cat.dist
INFO [2024-01-01 12:00:59] [1] 0.1
INFO [2024-01-01 12:00:59] 
INFO [2024-01-01 12:00:59] $margin
INFO [2024-01-01 12:00:59] [1] 0.1
INFO [2024-01-01 12:00:59] 
INFO [2024-01-01 12:00:59] $lwd
INFO [2024-01-01 12:00:59] [1] 3
INFO [2024-01-01 12:00:59] 
INFO [2024-01-01 12:00:59] $lty
INFO [2024-01-01 12:00:59] [1] "dotted"
INFO [2024-01-01 12:00:59] 
INFO [2024-01-01 12:00:59] $imagetype
INFO [2024-01-01 12:00:59] [1] "svg"
INFO [2024-01-01 12:00:59] 
