INFO [2024-06-28 00:59:13] $x
INFO [2024-06-28 00:59:13] genotype_asvs
INFO [2024-06-28 00:59:13] 
INFO [2024-06-28 00:59:13] $category.names
INFO [2024-06-28 00:59:13] names(genotype_asvs)
INFO [2024-06-28 00:59:13] 
INFO [2024-06-28 00:59:13] $filename
INFO [2024-06-28 00:59:13] NULL
INFO [2024-06-28 00:59:13] 
INFO [2024-06-28 00:59:13] $output
INFO [2024-06-28 00:59:13] [1] TRUE
INFO [2024-06-28 00:59:13] 
INFO [2024-06-28 00:59:13] $imagetype
INFO [2024-06-28 00:59:13] [1] "png"
INFO [2024-06-28 00:59:13] 
INFO [2024-06-28 00:59:13] $height
INFO [2024-06-28 00:59:13] [1] 3000
INFO [2024-06-28 00:59:13] 
INFO [2024-06-28 00:59:13] $width
INFO [2024-06-28 00:59:13] [1] 3000
INFO [2024-06-28 00:59:13] 
INFO [2024-06-28 00:59:13] $resolution
INFO [2024-06-28 00:59:13] [1] 300
INFO [2024-06-28 00:59:13] 
INFO [2024-06-28 00:59:13] $compression
INFO [2024-06-28 00:59:13] [1] "lzw"
INFO [2024-06-28 00:59:13] 
INFO [2024-06-28 00:59:13] $lwd
INFO [2024-06-28 00:59:13] [1] 2
INFO [2024-06-28 00:59:13] 
INFO [2024-06-28 00:59:13] $lty
INFO [2024-06-28 00:59:13] [1] "blank"
INFO [2024-06-28 00:59:13] 
INFO [2024-06-28 00:59:13] $fill
INFO [2024-06-28 00:59:13] myCol
INFO [2024-06-28 00:59:13] 
INFO [2024-06-28 00:59:13] $cex
INFO [2024-06-28 00:59:13] [1] 0.6
INFO [2024-06-28 00:59:13] 
INFO [2024-06-28 00:59:13] $fontface
INFO [2024-06-28 00:59:13] [1] "bold"
INFO [2024-06-28 00:59:13] 
INFO [2024-06-28 00:59:13] $fontfamily
INFO [2024-06-28 00:59:13] [1] "sans"
INFO [2024-06-28 00:59:13] 
INFO [2024-06-28 00:59:13] $cat.cex
INFO [2024-06-28 00:59:13] [1] 0.6
INFO [2024-06-28 00:59:13] 
INFO [2024-06-28 00:59:13] $cat.fontface
INFO [2024-06-28 00:59:13] [1] "bold"
INFO [2024-06-28 00:59:13] 
INFO [2024-06-28 00:59:13] $cat.default.pos
INFO [2024-06-28 00:59:13] [1] "outer"
INFO [2024-06-28 00:59:13] 
INFO [2024-06-28 00:59:13] $cat.pos
INFO [2024-06-28 00:59:13] c(-27, 27, 135, 180, 0)
INFO [2024-06-28 00:59:13] 
INFO [2024-06-28 00:59:13] $cat.dist
INFO [2024-06-28 00:59:13] c(0.055, 0.055, 0.085, 0.085, 0.085)
INFO [2024-06-28 00:59:13] 
INFO [2024-06-28 00:59:13] $cat.fontfamily
INFO [2024-06-28 00:59:13] [1] "sans"
INFO [2024-06-28 00:59:13] 
INFO [2024-06-28 00:59:13] $rotation
INFO [2024-06-28 00:59:13] [1] 1
INFO [2024-06-28 00:59:13] 
