INFO [2024-01-01 15:14:39] [[1]]
INFO [2024-01-01 15:14:39] venn_day
INFO [2024-01-01 15:14:39] 
INFO [2024-01-01 15:14:39] $height
INFO [2024-01-01 15:14:39] [1] 5
INFO [2024-01-01 15:14:39] 
INFO [2024-01-01 15:14:39] $width
INFO [2024-01-01 15:14:39] [1] 5
INFO [2024-01-01 15:14:39] 
INFO [2024-01-01 15:14:39] $filename
INFO [2024-01-01 15:14:39] NULL
INFO [2024-01-01 15:14:39] 
INFO [2024-01-01 15:14:39] $fill
INFO [2024-01-01 15:14:39] c("#00AED7", "#FD9347", "#00AED3")
INFO [2024-01-01 15:14:39] 
INFO [2024-01-01 15:14:39] $cat.col
INFO [2024-01-01 15:14:39] c("#00AED7", "#FD9347", "#00AED3")
INFO [2024-01-01 15:14:39] 
INFO [2024-01-01 15:14:39] $alpha
INFO [2024-01-01 15:14:39] c(0.5, 0.5, 0.5)
INFO [2024-01-01 15:14:39] 
INFO [2024-01-01 15:14:39] $fontfamily
INFO [2024-01-01 15:14:39] [1] "serif"
INFO [2024-01-01 15:14:39] 
INFO [2024-01-01 15:14:39] $fontface
INFO [2024-01-01 15:14:39] [1] "bold"
INFO [2024-01-01 15:14:39] 
INFO [2024-01-01 15:14:39] $cex
INFO [2024-01-01 15:14:39] [1] 1
INFO [2024-01-01 15:14:39] 
INFO [2024-01-01 15:14:39] $cat.default.pos
INFO [2024-01-01 15:14:39] [1] "outer"
INFO [2024-01-01 15:14:39] 
INFO [2024-01-01 15:14:39] $cat.dist
INFO [2024-01-01 15:14:39] [1] 0.1
INFO [2024-01-01 15:14:39] 
INFO [2024-01-01 15:14:39] $margin
INFO [2024-01-01 15:14:39] [1] 0.1
INFO [2024-01-01 15:14:39] 
INFO [2024-01-01 15:14:39] $lwd
INFO [2024-01-01 15:14:39] [1] 4
INFO [2024-01-01 15:14:39] 
INFO [2024-01-01 15:14:39] $lty
INFO [2024-01-01 15:14:39] [1] "dotted"
INFO [2024-01-01 15:14:39] 
INFO [2024-01-01 15:14:39] $imagetype
INFO [2024-01-01 15:14:39] [1] "png"
INFO [2024-01-01 15:14:39] 
ERROR [2024-01-01 15:14:39] Incorrect number of elements.
