INFO [2024-01-01 12:18:01] [[1]]
INFO [2024-01-01 12:18:01] vennlist
INFO [2024-01-01 12:18:01] 
INFO [2024-01-01 12:18:01] $height
INFO [2024-01-01 12:18:01] [1] 5
INFO [2024-01-01 12:18:01] 
INFO [2024-01-01 12:18:01] $width
INFO [2024-01-01 12:18:01] [1] 5
INFO [2024-01-01 12:18:01] 
INFO [2024-01-01 12:18:01] $filename
INFO [2024-01-01 12:18:01] NULL
INFO [2024-01-01 12:18:01] 
INFO [2024-01-01 12:18:01] $fill
INFO [2024-01-01 12:18:01] c("#00AED7", "#FD9347")
INFO [2024-01-01 12:18:01] 
INFO [2024-01-01 12:18:01] $cat.col
INFO [2024-01-01 12:18:01] c("#00AED7", "#FD9347")
INFO [2024-01-01 12:18:01] 
INFO [2024-01-01 12:18:01] $alpha
INFO [2024-01-01 12:18:01] c(0.5, 0.5)
INFO [2024-01-01 12:18:01] 
INFO [2024-01-01 12:18:01] $fontfamily
INFO [2024-01-01 12:18:01] [1] "serif"
INFO [2024-01-01 12:18:01] 
INFO [2024-01-01 12:18:01] $fontface
INFO [2024-01-01 12:18:01] [1] "bold"
INFO [2024-01-01 12:18:01] 
INFO [2024-01-01 12:18:01] $cex
INFO [2024-01-01 12:18:01] [1] 1
INFO [2024-01-01 12:18:01] 
INFO [2024-01-01 12:18:01] $cat.default.pos
INFO [2024-01-01 12:18:01] [1] "outer"
INFO [2024-01-01 12:18:01] 
INFO [2024-01-01 12:18:01] $cat.dist
INFO [2024-01-01 12:18:01] [1] 0.1
INFO [2024-01-01 12:18:01] 
INFO [2024-01-01 12:18:01] $margin
INFO [2024-01-01 12:18:01] [1] 0.1
INFO [2024-01-01 12:18:01] 
INFO [2024-01-01 12:18:01] $lwd
INFO [2024-01-01 12:18:01] [1] 3
INFO [2024-01-01 12:18:01] 
INFO [2024-01-01 12:18:01] $lty
INFO [2024-01-01 12:18:01] [1] "dotted"
INFO [2024-01-01 12:18:01] 
INFO [2024-01-01 12:18:01] $imagetype
INFO [2024-01-01 12:18:01] [1] "png"
INFO [2024-01-01 12:18:01] 
